2020-06-23 22:13:42,831 INFO o.a.j.u.JMeterUtils: Setting Locale to en_EN
2020-06-23 22:13:42,838 INFO o.a.j.JMeter: Loading user properties from: D:\ITSoftware\Jmeter\apache-jmeter-5.0\bin\user.properties
2020-06-23 22:13:42,839 INFO o.a.j.JMeter: Loading system properties from: D:\ITSoftware\Jmeter\apache-jmeter-5.0\bin\system.properties
2020-06-23 22:13:42,841 INFO o.a.j.JMeter: Copyright (c) 1998-2018 The Apache Software Foundation
2020-06-23 22:13:42,841 INFO o.a.j.JMeter: Version 5.0 r1840935
2020-06-23 22:13:42,842 INFO o.a.j.JMeter: java.version=1.8.0_131
2020-06-23 22:13:42,842 INFO o.a.j.JMeter: java.vm.name=Java HotSpot(TM) 64-Bit Server VM
2020-06-23 22:13:42,842 INFO o.a.j.JMeter: os.name=Windows 10
2020-06-23 22:13:42,842 INFO o.a.j.JMeter: os.arch=amd64
2020-06-23 22:13:42,842 INFO o.a.j.JMeter: os.version=10.0
2020-06-23 22:13:42,842 INFO o.a.j.JMeter: file.encoding=GBK
2020-06-23 22:13:42,842 INFO o.a.j.JMeter: Max memory     =1073741824
2020-06-23 22:13:42,842 INFO o.a.j.JMeter: Available Processors =16
2020-06-23 22:13:42,844 INFO o.a.j.JMeter: Default Locale=English (EN)
2020-06-23 22:13:42,844 INFO o.a.j.JMeter: JMeter  Locale=English (EN)
2020-06-23 22:13:42,844 INFO o.a.j.JMeter: JMeterHome=D:\ITSoftware\Jmeter\apache-jmeter-5.0
2020-06-23 22:13:42,844 INFO o.a.j.JMeter: user.dir  =C:\Users\MSI\Desktop\dnJMeter
2020-06-23 22:13:42,845 INFO o.a.j.JMeter: PWD       =C:\Users\MSI\Desktop\dnJMeter
2020-06-23 22:13:42,846 INFO o.a.j.JMeter: IP: 192.168.2.112 Name: DESKTOP-0RJ8KCK FullName: DESKTOP-0RJ8KCK
2020-06-23 22:13:42,848 INFO o.a.j.s.FileServer: Default base='C:\Users\MSI\Desktop\dnJMeter'
2020-06-23 22:13:42,850 INFO o.a.j.s.FileServer: Set new base='D:\ITSoftware\Jmeter\project\TestBaidu\scripts'
2020-06-23 22:13:42,922 INFO o.a.j.s.SaveService: Testplan (JMX) version: 2.2. Testlog (JTL) version: 2.2
2020-06-23 22:13:42,929 INFO o.a.j.s.SaveService: Using SaveService properties file encoding UTF-8
2020-06-23 22:13:42,932 INFO o.a.j.s.SaveService: Using SaveService properties version 5.0
2020-06-23 22:13:42,935 INFO o.a.j.s.SaveService: Loading file: D:\ITSoftware\Jmeter\project\TestBaidu\scripts\testBaiDu.jmx
2020-06-23 22:13:42,959 INFO o.a.j.p.h.s.HTTPSamplerBase: Parser for text/html is org.apache.jmeter.protocol.http.parser.LagartoBasedHtmlParser
2020-06-23 22:13:42,959 INFO o.a.j.p.h.s.HTTPSamplerBase: Parser for application/xhtml+xml is org.apache.jmeter.protocol.http.parser.LagartoBasedHtmlParser
2020-06-23 22:13:42,959 INFO o.a.j.p.h.s.HTTPSamplerBase: Parser for application/xml is org.apache.jmeter.protocol.http.parser.LagartoBasedHtmlParser
2020-06-23 22:13:42,959 INFO o.a.j.p.h.s.HTTPSamplerBase: Parser for text/xml is org.apache.jmeter.protocol.http.parser.LagartoBasedHtmlParser
2020-06-23 22:13:42,959 INFO o.a.j.p.h.s.HTTPSamplerBase: Parser for text/vnd.wap.wml is org.apache.jmeter.protocol.http.parser.RegexpHTMLParser
2020-06-23 22:13:42,959 INFO o.a.j.p.h.s.HTTPSamplerBase: Parser for text/css is org.apache.jmeter.protocol.http.parser.CssParser
2020-06-23 22:13:42,971 INFO o.a.j.s.SampleResult: Note: Sample TimeStamps are START times
2020-06-23 22:13:42,971 INFO o.a.j.s.SampleResult: sampleresult.default.encoding is set to utf-8
2020-06-23 22:13:42,971 INFO o.a.j.s.SampleResult: sampleresult.useNanoTime=true
2020-06-23 22:13:42,971 INFO o.a.j.s.SampleResult: sampleresult.nanoThreadSleep=5000
2020-06-23 22:13:42,984 INFO o.a.j.JMeter: Creating summariser <summary>
2020-06-23 22:13:42,988 INFO o.a.j.e.StandardJMeterEngine: Running the test!
2020-06-23 22:13:42,988 INFO o.a.j.s.SampleEvent: List of sample_variables: []
2020-06-23 22:13:42,988 INFO o.a.j.s.SampleEvent: List of sample_variables: []
2020-06-23 22:13:42,991 INFO o.a.j.e.u.CompoundVariable: Note: Function class names must contain the string: '.functions.'
2020-06-23 22:13:42,991 INFO o.a.j.e.u.CompoundVariable: Note: Function class names must not contain the string: '.gui.'
2020-06-23 22:13:43,164 INFO o.a.j.v.b.BackendListener: Backend Listener to Jmeter: Starting worker with class: class org.apache.jmeter.visualizers.backend.influxdb.InfluxdbBackendListenerClient and queue capacity: 5000
2020-06-23 22:13:43,164 INFO o.a.j.v.b.BackendListener: Backend Listener to Jmeter: Started  worker with class: class org.apache.jmeter.visualizers.backend.influxdb.InfluxdbBackendListenerClient
2020-06-23 22:13:43,678 INFO o.a.j.JMeter: Running test (1592921623678)
2020-06-23 22:13:43,704 INFO o.a.j.e.StandardJMeterEngine: Starting ThreadGroup: 1 : load
2020-06-23 22:13:43,704 INFO o.a.j.e.StandardJMeterEngine: Starting 3 threads for group load.
2020-06-23 22:13:43,704 INFO o.a.j.e.StandardJMeterEngine: Thread will continue on error
2020-06-23 22:13:43,704 INFO o.a.j.t.ThreadGroup: Starting thread group... number=1 threads=3 ramp-up=1 perThread=333.33334 delayedStart=false
2020-06-23 22:13:43,708 INFO o.a.j.t.ThreadGroup: Started thread group number 1
2020-06-23 22:13:43,708 INFO o.a.j.e.StandardJMeterEngine: All thread groups have been started
2020-06-23 22:13:43,710 INFO o.a.j.t.JMeterThread: Thread started: load 1-1
2020-06-23 22:13:44,016 INFO o.a.j.p.h.s.HTTPHCAbstractImpl: Local host = DESKTOP-0RJ8KCK
2020-06-23 22:13:44,019 INFO o.a.j.p.h.s.HTTPHC4Impl: HTTP request retry count = 0
2020-06-23 22:13:44,044 INFO o.a.j.t.JMeterThread: Thread started: load 1-2
2020-06-23 22:13:44,376 INFO o.a.j.t.JMeterThread: Thread started: load 1-3
2020-06-23 22:13:44,997 INFO o.a.j.u.JsseSSLManager: Using default SSL protocol: TLS
2020-06-23 22:13:44,998 INFO o.a.j.u.JsseSSLManager: SSL session context: per-thread
2020-06-23 22:14:00,285 INFO o.a.j.r.Summariser: summary +    145 in 00:00:17 =    8.7/s Avg:    28 Min:     9 Max:   910 Err:     0 (0.00%) Active: 3 Started: 3 Finished: 0
2020-06-23 22:14:30,003 INFO o.a.j.r.Summariser: summary +    268 in 00:00:30 =    9.0/s Avg:    34 Min:     8 Max:  2111 Err:     0 (0.00%) Active: 3 Started: 3 Finished: 0
2020-06-23 22:14:30,004 INFO o.a.j.r.Summariser: summary =    413 in 00:00:46 =    8.9/s Avg:    32 Min:     8 Max:  2111 Err:     0 (0.00%)
2020-06-23 22:15:00,119 INFO o.a.j.r.Summariser: summary +    283 in 00:00:30 =    9.4/s Avg:    17 Min:     8 Max:   310 Err:     0 (0.00%) Active: 3 Started: 3 Finished: 0
2020-06-23 22:15:00,119 INFO o.a.j.r.Summariser: summary =    696 in 00:01:16 =    9.1/s Avg:    26 Min:     8 Max:  2111 Err:     0 (0.00%)
2020-06-23 22:15:30,072 INFO o.a.j.r.Summariser: summary +    283 in 00:00:30 =    9.4/s Avg:    19 Min:     8 Max:   912 Err:     0 (0.00%) Active: 3 Started: 3 Finished: 0
2020-06-23 22:15:30,074 INFO o.a.j.r.Summariser: summary =    979 in 00:01:46 =    9.2/s Avg:    24 Min:     8 Max:  2111 Err:     0 (0.00%)
2020-06-23 22:16:00,211 INFO o.a.j.r.Summariser: summary +    257 in 00:00:30 =    8.5/s Avg:    49 Min:     8 Max:  6097 Err:     0 (0.00%) Active: 3 Started: 3 Finished: 0
2020-06-23 22:16:00,212 INFO o.a.j.r.Summariser: summary =   1236 in 00:02:17 =    9.1/s Avg:    29 Min:     8 Max:  6097 Err:     0 (0.00%)
2020-06-23 22:16:30,039 INFO o.a.j.r.Summariser: summary +    283 in 00:00:30 =    9.5/s Avg:    18 Min:     8 Max:  1023 Err:     0 (0.00%) Active: 3 Started: 3 Finished: 0
2020-06-23 22:16:30,040 INFO o.a.j.r.Summariser: summary =   1519 in 00:02:46 =    9.1/s Avg:    27 Min:     8 Max:  6097 Err:     0 (0.00%)
2020-06-23 22:16:43,714 INFO o.a.j.t.JMeterThread: Stopping because end time detected by thread: load 1-3
2020-06-23 22:16:43,714 INFO o.a.j.t.JMeterThread: Thread finished: load 1-3
2020-06-23 22:16:43,719 INFO o.a.j.t.JMeterThread: Stopping because end time detected by thread: load 1-1
2020-06-23 22:16:43,719 INFO o.a.j.t.JMeterThread: Thread finished: load 1-1
2020-06-23 22:16:43,725 INFO o.a.j.t.JMeterThread: Stopping because end time detected by thread: load 1-2
2020-06-23 22:16:43,725 INFO o.a.j.t.JMeterThread: Thread finished: load 1-2
2020-06-23 22:16:43,725 INFO o.a.j.e.StandardJMeterEngine: Notifying test listeners of end of test
2020-06-23 22:16:43,727 INFO o.a.j.v.b.BackendListener: Worker ended
2020-06-23 22:16:43,727 INFO o.a.j.v.b.i.InfluxdbBackendListenerClient: Sending last metrics
2020-06-23 22:16:43,727 INFO o.a.j.v.b.i.HttpMetricsSender: Destroying 
2020-06-23 22:16:43,737 INFO o.a.j.r.Summariser: summary +    125 in 00:00:14 =    9.1/s Avg:    32 Min:     8 Max:  1021 Err:     0 (0.00%) Active: 0 Started: 3 Finished: 3
2020-06-23 22:16:43,738 INFO o.a.j.r.Summariser: summary =   1644 in 00:03:00 =    9.1/s Avg:    27 Min:     8 Max:  6097 Err:     0 (0.00%)
